Determining if the pthread_create exist failed with the following output:
Change Dir: /home/ubuntu/catkin_ws_nav/build/CMakeFiles/CMakeTmp

Run Build Command:"/usr/bin/make" "cmTC_d7a96/fast"
/usr/bin/make -f CMakeFiles/cmTC_d7a96.dir/build.make CMakeFiles/cmTC_d7a96.dir/build
make[1]: Entering directory '/home/ubuntu/catkin_ws_nav/build/CMakeFiles/CMakeTmp'
Building C object CMakeFiles/cmTC_d7a96.dir/CheckSymbolExists.c.o
/usr/bin/cc     -o CMakeFiles/cmTC_d7a96.dir/CheckSymbolExists.c.o   -c /home/ubuntu/catkin_ws_nav/build/CMakeFiles/CMakeTmp/CheckSymbolExists.c
Linking C executable cmTC_d7a96
/usr/bin/cmake -E cmake_link_script CMakeFiles/cmTC_d7a96.dir/link.txt --verbose=1
/usr/bin/cc       CMakeFiles/cmTC_d7a96.dir/CheckSymbolExists.c.o  -o cmTC_d7a96 -rdynamic 
CMakeFiles/cmTC_d7a96.dir/CheckSymbolExists.c.o: In function `main':
CheckSymbolExists.c:(.text+0xe): undefined reference to `pthread_create'
CheckSymbolExists.c:(.text+0x12): undefined reference to `pthread_create'
collect2: error: ld returned 1 exit status
CMakeFiles/cmTC_d7a96.dir/build.make:97: recipe for target 'cmTC_d7a96' failed
make[1]: *** [cmTC_d7a96] Error 1
make[1]: Leaving directory '/home/ubuntu/catkin_ws_nav/build/CMakeFiles/CMakeTmp'
Makefile:126: recipe for target 'cmTC_d7a96/fast' failed
make: *** [cmTC_d7a96/fast] Error 2

File /home/ubuntu/catkin_ws_nav/build/CMakeFiles/CMakeTmp/CheckSymbolExists.c:
/* */
#include <pthread.h>

int main(int argc, char** argv)
{
  (void)argv;
#ifndef pthread_create
  return ((int*)(&pthread_create))[argc];
#else
  (void)argc;
  return 0;
#endif
}

Determining if the function pthread_create exists in the pthreads failed with the following output:
Change Dir: /home/ubuntu/catkin_ws_nav/build/CMakeFiles/CMakeTmp

Run Build Command:"/usr/bin/make" "cmTC_b946d/fast"
/usr/bin/make -f CMakeFiles/cmTC_b946d.dir/build.make CMakeFiles/cmTC_b946d.dir/build
make[1]: Entering directory '/home/ubuntu/catkin_ws_nav/build/CMakeFiles/CMakeTmp'
Building C object CMakeFiles/cmTC_b946d.dir/CheckFunctionExists.c.o
/usr/bin/cc    -DCHECK_FUNCTION_EXISTS=pthread_create   -o CMakeFiles/cmTC_b946d.dir/CheckFunctionExists.c.o   -c /usr/share/cmake-3.5/Modules/CheckFunctionExists.c
Linking C executable cmTC_b946d
/usr/bin/cmake -E cmake_link_script CMakeFiles/cmTC_b946d.dir/link.txt --verbose=1
/usr/bin/cc   -DCHECK_FUNCTION_EXISTS=pthread_create    CMakeFiles/cmTC_b946d.dir/CheckFunctionExists.c.o  -o cmTC_b946d -rdynamic -lpthreads 
/usr/bin/ld: cannot find -lpthreads
collect2: error: ld returned 1 exit status
CMakeFiles/cmTC_b946d.dir/build.make:97: recipe for target 'cmTC_b946d' failed
make[1]: *** [cmTC_b946d] Error 1
make[1]: Leaving directory '/home/ubuntu/catkin_ws_nav/build/CMakeFiles/CMakeTmp'
Makefile:126: recipe for target 'cmTC_b946d/fast' failed
make: *** [cmTC_b946d/fast] Error 2


Determining if the include file pgm.h exists failed with the following output:
Change Dir: /home/ubuntu/catkin_ws_nav/build/CMakeFiles/CMakeTmp

Run Build Command:"/usr/bin/make" "cmTC_7e280/fast"
/usr/bin/make -f CMakeFiles/cmTC_7e280.dir/build.make CMakeFiles/cmTC_7e280.dir/build
make[1]: Entering directory '/home/ubuntu/catkin_ws_nav/build/CMakeFiles/CMakeTmp'
Building CXX object CMakeFiles/cmTC_7e280.dir/CheckIncludeFile.cxx.o
/usr/bin/c++      -o CMakeFiles/cmTC_7e280.dir/CheckIncludeFile.cxx.o -c /home/ubuntu/catkin_ws_nav/build/CMakeFiles/CMakeTmp/CheckIncludeFile.cxx
/home/ubuntu/catkin_ws_nav/build/CMakeFiles/CMakeTmp/CheckIncludeFile.cxx:1:17: fatal error: pgm.h: No such file or directory
compilation terminated.
CMakeFiles/cmTC_7e280.dir/build.make:65: recipe for target 'CMakeFiles/cmTC_7e280.dir/CheckIncludeFile.cxx.o' failed
make[1]: *** [CMakeFiles/cmTC_7e280.dir/CheckIncludeFile.cxx.o] Error 1
make[1]: Leaving directory '/home/ubuntu/catkin_ws_nav/build/CMakeFiles/CMakeTmp'
Makefile:126: recipe for target 'cmTC_7e280/fast' failed
make: *** [cmTC_7e280/fast] Error 2


